2018-04-21 11:56:04,957 INFO o.a.j.u.JMeterUtils: Setting Locale to zh_CN
2018-04-21 11:56:05,052 INFO o.a.j.JMeter: Loading system properties from: system.properties
2018-04-21 11:56:05,089 INFO o.a.j.JMeter: Copyright (c) 1998-2017 The Apache Software Foundation
2018-04-21 11:56:05,089 INFO o.a.j.JMeter: Version 3.2 r1790748
2018-04-21 11:56:05,090 INFO o.a.j.JMeter: java.version=1.8.0_51
2018-04-21 11:56:05,090 INFO o.a.j.JMeter: java.vm.name=Java HotSpot(TM) 64-Bit Server VM
2018-04-21 11:56:05,090 INFO o.a.j.JMeter: os.name=Windows 7
2018-04-21 11:56:05,091 INFO o.a.j.JMeter: os.arch=amd64
2018-04-21 11:56:05,091 INFO o.a.j.JMeter: os.version=6.1
2018-04-21 11:56:05,092 INFO o.a.j.JMeter: file.encoding=GBK
2018-04-21 11:56:05,092 INFO o.a.j.JMeter: Max memory     =514850816
2018-04-21 11:56:05,092 INFO o.a.j.JMeter: Available Processors =4
2018-04-21 11:56:05,112 INFO o.a.j.JMeter: Default Locale=中文 (中国)
2018-04-21 11:56:05,113 INFO o.a.j.JMeter: JMeter  Locale=中文 (中国)
2018-04-21 11:56:05,113 INFO o.a.j.JMeter: JMeterHome=E:\work\Essatest\target\jmeter
2018-04-21 11:56:05,113 INFO o.a.j.JMeter: user.dir  =E:\work\Essatest\target\jmeter\bin
2018-04-21 11:56:05,114 INFO o.a.j.JMeter: PWD       =E:\work\Essatest\target\jmeter\bin
2018-04-21 11:56:05,119 INFO o.a.j.JMeter: IP: 169.254.132.131 Name: USER-20141111EW FullName: USER-20141111EW
2018-04-21 11:56:05,125 INFO o.a.j.s.FileServer: Default base='E:\work\Essatest\target\jmeter\bin'
2018-04-21 11:56:05,125 INFO o.a.j.s.FileServer: Set new base='E:\work\Essatest\target\jmeter\testFiles'
2018-04-21 11:56:05,563 INFO o.a.j.s.SaveService: Testplan (JMX) version: 2.2. Testlog (JTL) version: 2.2
2018-04-21 11:56:05,606 INFO o.a.j.s.SaveService: Using SaveService properties file encoding UTF-8
2018-04-21 11:56:05,648 INFO o.a.j.s.SaveService: Using SaveService properties version 2.9
2018-04-21 11:56:05,648 WARN o.a.j.s.SaveService: Bad _version - expected 3.2, found 2.9.
2018-04-21 11:56:05,648 INFO o.a.j.s.SaveService: Loading file: E:\work\Essatest\target\jmeter\testFiles\login.jmx
2018-04-21 11:56:05,830 INFO o.a.j.p.h.s.HTTPSamplerBase: Parser for text/html is org.apache.jmeter.protocol.http.parser.LagartoBasedHtmlParser
2018-04-21 11:56:05,830 INFO o.a.j.p.h.s.HTTPSamplerBase: Parser for application/xhtml+xml is org.apache.jmeter.protocol.http.parser.LagartoBasedHtmlParser
2018-04-21 11:56:05,830 INFO o.a.j.p.h.s.HTTPSamplerBase: Parser for application/xml is org.apache.jmeter.protocol.http.parser.LagartoBasedHtmlParser
2018-04-21 11:56:05,830 INFO o.a.j.p.h.s.HTTPSamplerBase: Parser for text/xml is org.apache.jmeter.protocol.http.parser.LagartoBasedHtmlParser
2018-04-21 11:56:05,830 INFO o.a.j.p.h.s.HTTPSamplerBase: Parser for text/vnd.wap.wml is org.apache.jmeter.protocol.http.parser.RegexpHTMLParser
2018-04-21 11:56:05,830 INFO o.a.j.p.h.s.HTTPSamplerBase: Parser for text/css is org.apache.jmeter.protocol.http.parser.CssParser
2018-04-21 11:56:06,019 INFO o.a.j.JMeter: Creating summariser <summary>
2018-04-21 11:56:06,051 INFO o.a.j.e.StandardJMeterEngine: Running the test!
2018-04-21 11:56:06,052 INFO o.a.j.s.SampleEvent: List of sample_variables: []
2018-04-21 11:56:06,052 INFO o.a.j.s.SampleEvent: List of sample_variables: []
2018-04-21 11:56:06,066 INFO o.a.j.e.u.CompoundVariable: Note: Function class names must contain the string: '.functions.'
2018-04-21 11:56:06,067 INFO o.a.j.e.u.CompoundVariable: Note: Function class names must not contain the string: '.gui.'
2018-04-21 11:56:07,438 INFO o.a.j.JMeter: 正在运行的测试 (1524282967438)
2018-04-21 11:56:07,635 INFO o.a.j.e.StandardJMeterEngine: Starting ThreadGroup: 1 : 新增SKU
2018-04-21 11:56:07,635 INFO o.a.j.e.StandardJMeterEngine: Starting 1 threads for group 新增SKU.
2018-04-21 11:56:07,635 INFO o.a.j.e.StandardJMeterEngine: Thread will continue on error
2018-04-21 11:56:07,636 INFO o.a.j.t.ThreadGroup: Starting thread group... number=1 threads=1 ramp-up=1 perThread=1000.0 delayedStart=false
2018-04-21 11:56:07,658 INFO o.a.j.t.ThreadGroup: Started thread group number 1
2018-04-21 11:56:07,658 INFO o.a.j.e.StandardJMeterEngine: All thread groups have been started
2018-04-21 11:56:07,662 INFO o.a.j.t.JMeterThread: Thread started: 新增SKU 1-1
2018-04-21 11:56:07,729 INFO o.a.j.p.h.s.HTTPHCAbstractImpl: Local host = USER-20141111EW
2018-04-21 11:56:07,757 INFO o.a.j.p.h.s.HTTPHC4Impl: HTTP request retry count = 0
2018-04-21 11:56:07,774 INFO o.a.j.s.SampleResult: Note: Sample TimeStamps are START times
2018-04-21 11:56:07,774 INFO o.a.j.s.SampleResult: sampleresult.default.encoding is set to ISO-8859-1
2018-04-21 11:56:07,774 INFO o.a.j.s.SampleResult: sampleresult.useNanoTime=true
2018-04-21 11:56:07,774 INFO o.a.j.s.SampleResult: sampleresult.nanoThreadSleep=5000
2018-04-21 11:56:09,886 INFO o.a.j.t.JMeterThread: Thread is done: 新增SKU 1-1
2018-04-21 11:56:09,886 INFO o.a.j.t.JMeterThread: Thread finished: 新增SKU 1-1
2018-04-21 11:56:09,887 INFO o.a.j.e.StandardJMeterEngine: Notifying test listeners of end of test
2018-04-21 11:56:09,889 INFO o.a.j.r.Summariser: summary =      4 in 00:00:02 =    1.6/s Avg:   500 Min:    59 Max:  1452 Err:     0 (0.00%)
