2018-04-21 11:56:19,244 INFO o.a.j.u.JMeterUtils: Setting Locale to zh_CN
2018-04-21 11:56:19,280 INFO o.a.j.JMeter: Loading system properties from: system.properties
2018-04-21 11:56:19,290 INFO o.a.j.JMeter: Copyright (c) 1998-2017 The Apache Software Foundation
2018-04-21 11:56:19,290 INFO o.a.j.JMeter: Version 3.2 r1790748
2018-04-21 11:56:19,290 INFO o.a.j.JMeter: java.version=1.8.0_51
2018-04-21 11:56:19,290 INFO o.a.j.JMeter: java.vm.name=Java HotSpot(TM) 64-Bit Server VM
2018-04-21 11:56:19,290 INFO o.a.j.JMeter: os.name=Windows 7
2018-04-21 11:56:19,290 INFO o.a.j.JMeter: os.arch=amd64
2018-04-21 11:56:19,291 INFO o.a.j.JMeter: os.version=6.1
2018-04-21 11:56:19,291 INFO o.a.j.JMeter: file.encoding=GBK
2018-04-21 11:56:19,291 INFO o.a.j.JMeter: Max memory     =514850816
2018-04-21 11:56:19,291 INFO o.a.j.JMeter: Available Processors =4
2018-04-21 11:56:19,300 INFO o.a.j.JMeter: Default Locale=中文 (中国)
2018-04-21 11:56:19,301 INFO o.a.j.JMeter: JMeter  Locale=中文 (中国)
2018-04-21 11:56:19,301 INFO o.a.j.JMeter: JMeterHome=E:\work\Essatest\target\jmeter
2018-04-21 11:56:19,302 INFO o.a.j.JMeter: user.dir  =E:\work\Essatest\target\jmeter\bin
2018-04-21 11:56:19,302 INFO o.a.j.JMeter: PWD       =E:\work\Essatest\target\jmeter\bin
2018-04-21 11:56:19,304 INFO o.a.j.JMeter: IP: 169.254.132.131 Name: USER-20141111EW FullName: USER-20141111EW
2018-04-21 11:56:19,313 INFO o.a.j.s.FileServer: Default base='E:\work\Essatest\target\jmeter\bin'
2018-04-21 11:56:19,313 INFO o.a.j.s.FileServer: Set new base='E:\work\Essatest\target\jmeter\testFiles'
2018-04-21 11:56:19,586 INFO o.a.j.s.SaveService: Testplan (JMX) version: 2.2. Testlog (JTL) version: 2.2
2018-04-21 11:56:19,611 INFO o.a.j.s.SaveService: Using SaveService properties file encoding UTF-8
2018-04-21 11:56:19,650 INFO o.a.j.s.SaveService: Using SaveService properties version 2.9
2018-04-21 11:56:19,650 WARN o.a.j.s.SaveService: Bad _version - expected 3.2, found 2.9.
2018-04-21 11:56:19,651 INFO o.a.j.s.SaveService: Loading file: E:\work\Essatest\target\jmeter\testFiles\新增商品流程 .jmx
2018-04-21 11:56:19,753 INFO o.a.j.p.h.s.HTTPSamplerBase: Parser for text/html is org.apache.jmeter.protocol.http.parser.LagartoBasedHtmlParser
2018-04-21 11:56:19,753 INFO o.a.j.p.h.s.HTTPSamplerBase: Parser for application/xhtml+xml is org.apache.jmeter.protocol.http.parser.LagartoBasedHtmlParser
2018-04-21 11:56:19,753 INFO o.a.j.p.h.s.HTTPSamplerBase: Parser for application/xml is org.apache.jmeter.protocol.http.parser.LagartoBasedHtmlParser
2018-04-21 11:56:19,753 INFO o.a.j.p.h.s.HTTPSamplerBase: Parser for text/xml is org.apache.jmeter.protocol.http.parser.LagartoBasedHtmlParser
2018-04-21 11:56:19,753 INFO o.a.j.p.h.s.HTTPSamplerBase: Parser for text/vnd.wap.wml is org.apache.jmeter.protocol.http.parser.RegexpHTMLParser
2018-04-21 11:56:19,754 INFO o.a.j.p.h.s.HTTPSamplerBase: Parser for text/css is org.apache.jmeter.protocol.http.parser.CssParser
2018-04-21 11:56:19,987 INFO o.a.j.JMeter: Creating summariser <summary>
2018-04-21 11:56:19,994 INFO o.a.j.e.StandardJMeterEngine: Running the test!
2018-04-21 11:56:19,995 INFO o.a.j.s.SampleEvent: List of sample_variables: []
2018-04-21 11:56:19,996 INFO o.a.j.s.SampleEvent: List of sample_variables: []
2018-04-21 11:56:20,014 INFO o.a.j.e.u.CompoundVariable: Note: Function class names must contain the string: '.functions.'
2018-04-21 11:56:20,015 INFO o.a.j.e.u.CompoundVariable: Note: Function class names must not contain the string: '.gui.'
2018-04-21 11:56:20,967 INFO o.a.j.t.TestPlan: added E:\jmeter\apache-jmeter-3.1\lib\mongo-java-driver-2.11.3.jar to classpath
2018-04-21 11:56:20,968 INFO o.a.j.t.TestPlan: added E:\jmeter\apache-jmeter-3.1\lib\mysql-connector-java-5.1.46.jar to classpath
2018-04-21 11:56:20,968 INFO o.a.j.t.TestPlan: added D:\JAVA\jre\lib\ext\mysql-connector-java-5.1.46.jar to classpath
2018-04-21 11:56:21,339 INFO o.a.j.JMeter: 正在运行的测试 (1524282981339)
2018-04-21 11:56:21,441 INFO o.a.j.e.StandardJMeterEngine: Starting ThreadGroup: 1 : 新增SKU
2018-04-21 11:56:21,441 INFO o.a.j.e.StandardJMeterEngine: Starting 1 threads for group 新增SKU.
2018-04-21 11:56:21,441 INFO o.a.j.e.StandardJMeterEngine: Thread will continue on error
2018-04-21 11:56:21,442 INFO o.a.j.t.ThreadGroup: Starting thread group... number=1 threads=1 ramp-up=1 perThread=1000.0 delayedStart=false
2018-04-21 11:56:21,463 INFO o.a.j.t.ThreadGroup: Started thread group number 1
2018-04-21 11:56:21,463 INFO o.a.j.e.StandardJMeterEngine: All thread groups have been started
2018-04-21 11:56:21,470 INFO o.a.j.t.JMeterThread: Thread started: 新增SKU 1-1
2018-04-21 11:56:21,512 INFO o.a.j.p.h.s.HTTPHCAbstractImpl: Local host = USER-20141111EW
2018-04-21 11:56:21,530 INFO o.a.j.p.h.s.HTTPHC4Impl: HTTP request retry count = 0
2018-04-21 11:56:21,544 INFO o.a.j.s.SampleResult: Note: Sample TimeStamps are START times
2018-04-21 11:56:21,544 INFO o.a.j.s.SampleResult: sampleresult.default.encoding is set to ISO-8859-1
2018-04-21 11:56:21,544 INFO o.a.j.s.SampleResult: sampleresult.useNanoTime=true
2018-04-21 11:56:21,545 INFO o.a.j.s.SampleResult: sampleresult.nanoThreadSleep=5000
2018-04-21 11:56:25,094 INFO o.a.j.t.JMeterThread: Thread is done: 新增SKU 1-1
2018-04-21 11:56:25,094 INFO o.a.j.t.JMeterThread: Thread finished: 新增SKU 1-1
2018-04-21 11:56:25,095 INFO o.a.j.e.StandardJMeterEngine: Notifying test listeners of end of test
2018-04-21 11:56:25,102 INFO o.a.j.r.Summariser: summary =      8 in 00:00:04 =    2.1/s Avg:   430 Min:    52 Max:  1443 Err:     0 (0.00%)
